Using pre-set license
Built from '2021.1/release' branch; Version is '2021.1.1f1 (6fdc41dfa55a) revision 7330881'; Using compiler version '192528614'; Build Type 'Release'
OS: 'Windows 10 Education; OS build 19041.1052; Version 2004; 64bit' Language: 'en' Physical Memory: 16333 MB
BatchMode: 1, IsHumanControllingUs: 0, StartBugReporterOnCrash: 0, Is64bit: 1, IsPro: 0

 COMMAND LINE ARGUMENTS:
C:\Program Files\Unity\Hub\Editor\2021.1.1f1\Editor\Unity.exe
-adb2
-batchMode
-noUpm
-name
AssetImportWorker0
-projectPath
C:/Users/Arjen/OneDrive/School Saxion/Year 1/Term 4/Unity Game Programming/Saxion Term 4 Game
-logFile
Logs/AssetImportWorker0.log
-srvPort
57417
Successfully changed project path to: C:/Users/Arjen/OneDrive/School Saxion/Year 1/Term 4/Unity Game Programming/Saxion Term 4 Game
C:/Users/Arjen/OneDrive/School Saxion/Year 1/Term 4/Unity Game Programming/Saxion Term 4 Game
Using Asset Import Pipeline V2.
Refreshing native plugins compatible for Editor in 26.52 ms, found 0 plugins.
Preloading 0 native plugins for Editor in 0.00 ms.
Initialize engine version: 2021.1.1f1 (6fdc41dfa55a)
[Subsystems] Discovering subsystems at path C:/Program Files/Unity/Hub/Editor/2021.1.1f1/Editor/Data/Resources/UnitySubsystems
[Subsystems] Discovering subsystems at path C:/Users/Arjen/OneDrive/School Saxion/Year 1/Term 4/Unity Game Programming/Saxion Term 4 Game/Assets
GfxDevice: creating device client; threaded=0; jobified=0
Direct3D:
    Version:  Direct3D 11.0 [level 11.1]
    Renderer: NVIDIA GeForce RTX 2060 SUPER (ID=0x1f06)
    Vendor:   NVIDIA
    VRAM:     8031 MB
    Driver:   27.21.14.6663
Initialize mono
Mono path[0] = 'C:/Program Files/Unity/Hub/Editor/2021.1.1f1/Editor/Data/Managed'
Mono path[1] = 'C:/Program Files/Unity/Hub/Editor/2021.1.1f1/Editor/Data/MonoBleedingEdge/lib/mono/unityjit'
Mono config path = 'C:/Program Files/Unity/Hub/Editor/2021.1.1f1/Editor/Data/MonoBleedingEdge/etc'
Using monoOptions --debugger-agent=transport=dt_socket,embedding=1,server=y,suspend=n,address=127.0.0.1:56480
Begin MonoManager ReloadAssembly
Registering precompiled unity dll's ...
Register platform support module: C:/Program Files/Unity/Hub/Editor/2021.1.1f1/Editor/Data/PlaybackEngines/WindowsStandaloneSupport/UnityEditor.WindowsStandalone.Extensions.dll
Registered in 0.001564 seconds.
Native extension for WindowsStandalone target not found
Refreshing native plugins compatible for Editor in 26.38 ms, found 0 plugins.
Preloading 0 native plugins for Editor in 0.00 ms.
Mono: successfully reloaded assembly
- Completed reload, in  0.912 seconds
Platform modules already initialized, skipping
Registering precompiled user dll's ...
Registered in 0.000677 seconds.
Begin MonoManager ReloadAssembly
Native extension for WindowsStandalone target not found
Refreshing native plugins compatible for Editor in 0.28 ms, found 0 plugins.
Preloading 0 native plugins for Editor in 0.00 ms.
Mono: successfully reloaded assembly
- Completed reload, in  0.805 seconds
Platform modules already initialized, skipping
========================================================================
Worker process is ready to serve import requests
Launched and connected shader compiler UnityShaderCompiler.exe after 0.03 seconds
Refreshing native plugins compatible for Editor in 0.27 ms, found 0 plugins.
Preloading 0 native plugins for Editor in 0.00 ms.
Unloading 1540 Unused Serialized files (Serialized files now loaded: 0)
System memory in use before: 150.6 MB.
System memory in use after: 150.7 MB.

Unloading 67 unused Assets to reduce memory usage. Loaded Objects now: 2002.
Total: 2.214500 ms (FindLiveObjects: 0.142100 ms CreateObjectMapping: 0.037800 ms MarkObjects: 1.912800 ms  DeleteObjects: 0.120900 ms)

========================================================================
Received Import Request.
  path: Assets/Prefabs/Spectator.prefab
  artifactKey: Guid(e430de5a14076794397345d278473f4f) Importer(815301076,1909f56bfc062723c751e8b465ee728b)
Start importing Assets/Prefabs/Spectator.prefab using Guid(e430de5a14076794397345d278473f4f) Importer(815301076,1909f56bfc062723c751e8b465ee728b)  -> (artifact id: 'a60cd7884edca6771f642b4f7f10873c') in 0.075240 seconds 
========================================================================
Received Import Request.
  Time since last request: 5.237237 seconds.
  path: Assets/Prefabs/Spectator.prefab
  artifactKey: Guid(e430de5a14076794397345d278473f4f) Importer(815301076,1909f56bfc062723c751e8b465ee728b)
Start importing Assets/Prefabs/Spectator.prefab using Guid(e430de5a14076794397345d278473f4f) Importer(815301076,1909f56bfc062723c751e8b465ee728b)  -> (artifact id: '4ae2bba9f289fac9732a4129be8d222a') in 0.026989 seconds 
========================================================================
Received Import Request.
  Time since last request: 0.971006 seconds.
  path: Assets/Prefabs/Spectator.prefab
  artifactKey: Guid(e430de5a14076794397345d278473f4f) Importer(815301076,1909f56bfc062723c751e8b465ee728b)
Start importing Assets/Prefabs/Spectator.prefab using Guid(e430de5a14076794397345d278473f4f) Importer(815301076,1909f56bfc062723c751e8b465ee728b)  -> (artifact id: 'f6d206dcd4eb616c258db22bbc5a80ca') in 0.008604 seconds 
========================================================================
Received Import Request.
  Time since last request: 2.039949 seconds.
  path: Assets/Prefabs/Spectator.prefab
  artifactKey: Guid(e430de5a14076794397345d278473f4f) Importer(815301076,1909f56bfc062723c751e8b465ee728b)
Start importing Assets/Prefabs/Spectator.prefab using Guid(e430de5a14076794397345d278473f4f) Importer(815301076,1909f56bfc062723c751e8b465ee728b)  -> (artifact id: '8d165b734612aa5d309a571b119fa1b1') in 0.008734 seconds 
========================================================================
Received Import Request.
  Time since last request: 0.586840 seconds.
  path: Assets/Prefabs/Spectator.prefab
  artifactKey: Guid(e430de5a14076794397345d278473f4f) Importer(815301076,1909f56bfc062723c751e8b465ee728b)
Start importing Assets/Prefabs/Spectator.prefab using Guid(e430de5a14076794397345d278473f4f) Importer(815301076,1909f56bfc062723c751e8b465ee728b)  -> (artifact id: 'ff2c790794c0fcd347ae67839335f759') in 0.009622 seconds 
========================================================================
Received Prepare
Registering precompiled user dll's ...
Registered in 0.000612 seconds.
Begin MonoManager ReloadAssembly
Native extension for WindowsStandalone target not found
Refreshing native plugins compatible for Editor in 0.28 ms, found 0 plugins.
Preloading 0 native plugins for Editor in 0.00 ms.
Mono: successfully reloaded assembly
- Completed reload, in  0.773 seconds
Platform modules already initialized, skipping
Refreshing native plugins compatible for Editor in 0.27 ms, found 0 plugins.
Preloading 0 native plugins for Editor in 0.00 ms.
Unloading 1501 Unused Serialized files (Serialized files now loaded: 0)
System memory in use before: 150.9 MB.
System memory in use after: 151.0 MB.

Unloading 62 unused Assets to reduce memory usage. Loaded Objects now: 2013.
Total: 1.874800 ms (FindLiveObjects: 0.132200 ms CreateObjectMapping: 0.034900 ms MarkObjects: 1.644300 ms  DeleteObjects: 0.062500 ms)

========================================================================
Received Import Request.
  Time since last request: 34.106769 seconds.
  path: Assets/Prefabs/ArenaPartGate.prefab
  artifactKey: Guid(8be0638042c3f6742aacdaabf55c9201) Importer(815301076,1909f56bfc062723c751e8b465ee728b)
Start importing Assets/Prefabs/ArenaPartGate.prefab using Guid(8be0638042c3f6742aacdaabf55c9201) Importer(815301076,1909f56bfc062723c751e8b465ee728b)  -> (artifact id: '623cc4705eb79751eacc3560ce298a9e') in 0.047141 seconds 
========================================================================
Received Prepare
Registering precompiled user dll's ...
Registered in 0.001050 seconds.
Begin MonoManager ReloadAssembly
Native extension for WindowsStandalone target not found
Refreshing native plugins compatible for Editor in 0.34 ms, found 0 plugins.
Preloading 0 native plugins for Editor in 0.00 ms.
Mono: successfully reloaded assembly
- Completed reload, in  0.862 seconds
Platform modules already initialized, skipping
Refreshing native plugins compatible for Editor in 0.52 ms, found 0 plugins.
Preloading 0 native plugins for Editor in 0.00 ms.
Unloading 1501 Unused Serialized files (Serialized files now loaded: 0)
System memory in use before: 151.0 MB.
System memory in use after: 151.1 MB.

Unloading 62 unused Assets to reduce memory usage. Loaded Objects now: 2017.
Total: 2.080300 ms (FindLiveObjects: 0.203300 ms CreateObjectMapping: 0.035200 ms MarkObjects: 1.765100 ms  DeleteObjects: 0.075700 ms)

========================================================================
Received Import Request.
  Time since last request: 15.052911 seconds.
  path: Assets/Prefabs/ArenaPartGate.prefab
  artifactKey: Guid(8be0638042c3f6742aacdaabf55c9201) Importer(815301076,1909f56bfc062723c751e8b465ee728b)
Start importing Assets/Prefabs/ArenaPartGate.prefab using Guid(8be0638042c3f6742aacdaabf55c9201) Importer(815301076,1909f56bfc062723c751e8b465ee728b)  -> (artifact id: '27a4fc06616b079b5b384c5427a38653') in 0.047184 seconds 
========================================================================
Received Import Request.
  Time since last request: 8.575132 seconds.
  path: Assets/Prefabs/ArenaPartGate.prefab
  artifactKey: Guid(8be0638042c3f6742aacdaabf55c9201) Importer(815301076,1909f56bfc062723c751e8b465ee728b)
Start importing Assets/Prefabs/ArenaPartGate.prefab using Guid(8be0638042c3f6742aacdaabf55c9201) Importer(815301076,1909f56bfc062723c751e8b465ee728b)  -> (artifact id: '88f7c8d46b4ca0f9731a6c0c9562ed40') in 0.012634 seconds 
========================================================================
Received Import Request.
  Time since last request: 2.014561 seconds.
  path: Assets/Prefabs/ArenaPartGate.prefab
  artifactKey: Guid(8be0638042c3f6742aacdaabf55c9201) Importer(815301076,1909f56bfc062723c751e8b465ee728b)
Start importing Assets/Prefabs/ArenaPartGate.prefab using Guid(8be0638042c3f6742aacdaabf55c9201) Importer(815301076,1909f56bfc062723c751e8b465ee728b)  -> (artifact id: '60186b9daa6a127e169303a0c8e5fd3e') in 0.038678 seconds 
========================================================================
Received Import Request.
  Time since last request: 0.962516 seconds.
  path: Assets/Prefabs/ArenaPartGate.prefab
  artifactKey: Guid(8be0638042c3f6742aacdaabf55c9201) Importer(815301076,1909f56bfc062723c751e8b465ee728b)
Start importing Assets/Prefabs/ArenaPartGate.prefab using Guid(8be0638042c3f6742aacdaabf55c9201) Importer(815301076,1909f56bfc062723c751e8b465ee728b)  -> (artifact id: 'd4da28ed05d8d2717d01958ff6b9c30e') in 0.010849 seconds 
========================================================================
Received Prepare
Registering precompiled user dll's ...
Registered in 0.000691 seconds.
Begin MonoManager ReloadAssembly
Native extension for WindowsStandalone target not found
Refreshing native plugins compatible for Editor in 0.28 ms, found 0 plugins.
Preloading 0 native plugins for Editor in 0.00 ms.
Mono: successfully reloaded assembly
- Completed reload, in  0.733 seconds
Platform modules already initialized, skipping
Refreshing native plugins compatible for Editor in 0.28 ms, found 0 plugins.
Preloading 0 native plugins for Editor in 0.00 ms.
Unloading 1501 Unused Serialized files (Serialized files now loaded: 0)
System memory in use before: 151.0 MB.
System memory in use after: 151.2 MB.

Unloading 62 unused Assets to reduce memory usage. Loaded Objects now: 2021.
Total: 2.149100 ms (FindLiveObjects: 0.180600 ms CreateObjectMapping: 0.038800 ms MarkObjects: 1.845200 ms  DeleteObjects: 0.083700 ms)

========================================================================
Received Import Request.
  Time since last request: 24.139266 seconds.
  path: Assets/Prefabs/ArenaPartGate.prefab
  artifactKey: Guid(8be0638042c3f6742aacdaabf55c9201) Importer(815301076,1909f56bfc062723c751e8b465ee728b)
Start importing Assets/Prefabs/ArenaPartGate.prefab using Guid(8be0638042c3f6742aacdaabf55c9201) Importer(815301076,1909f56bfc062723c751e8b465ee728b)  -> (artifact id: '49bfc637c0dd0fc744508b981ebfedbb') in 0.044850 seconds 
========================================================================
Received Prepare
Registering precompiled user dll's ...
Registered in 0.000806 seconds.
Begin MonoManager ReloadAssembly
Native extension for WindowsStandalone target not found
Refreshing native plugins compatible for Editor in 0.28 ms, found 0 plugins.
Preloading 0 native plugins for Editor in 0.00 ms.
Mono: successfully reloaded assembly
- Completed reload, in  0.739 seconds
Platform modules already initialized, skipping
Refreshing native plugins compatible for Editor in 0.27 ms, found 0 plugins.
Preloading 0 native plugins for Editor in 0.00 ms.
Unloading 1501 Unused Serialized files (Serialized files now loaded: 0)
System memory in use before: 151.1 MB.
System memory in use after: 151.2 MB.

Unloading 62 unused Assets to reduce memory usage. Loaded Objects now: 2025.
Total: 1.980300 ms (FindLiveObjects: 0.140500 ms CreateObjectMapping: 0.042200 ms MarkObjects: 1.727600 ms  DeleteObjects: 0.069200 ms)

========================================================================
Received Import Request.
  Time since last request: 35.757098 seconds.
  path: Assets/Prefabs/ArenaPartGate.prefab
  artifactKey: Guid(8be0638042c3f6742aacdaabf55c9201) Importer(815301076,1909f56bfc062723c751e8b465ee728b)
Start importing Assets/Prefabs/ArenaPartGate.prefab using Guid(8be0638042c3f6742aacdaabf55c9201) Importer(815301076,1909f56bfc062723c751e8b465ee728b)  -> (artifact id: '6da05a56abe33cebd0b090586e7bfe4b') in 0.042435 seconds 
========================================================================
Received Import Request.
  Time since last request: 0.244331 seconds.
  path: Assets/Prefabs/ArenaPartGate.prefab
  artifactKey: Guid(8be0638042c3f6742aacdaabf55c9201) Importer(815301076,1909f56bfc062723c751e8b465ee728b)
Start importing Assets/Prefabs/ArenaPartGate.prefab using Guid(8be0638042c3f6742aacdaabf55c9201) Importer(815301076,1909f56bfc062723c751e8b465ee728b)  -> (artifact id: 'd60b98361143eeb88c22419197d4d846') in 0.017847 seconds 
========================================================================
Received Prepare
Registering precompiled user dll's ...
Registered in 0.000945 seconds.
Begin MonoManager ReloadAssembly
Native extension for WindowsStandalone target not found
Refreshing native plugins compatible for Editor in 0.28 ms, found 0 plugins.
Preloading 0 native plugins for Editor in 0.00 ms.
Mono: successfully reloaded assembly
- Completed reload, in  0.747 seconds
Platform modules already initialized, skipping
Refreshing native plugins compatible for Editor in 0.28 ms, found 0 plugins.
Preloading 0 native plugins for Editor in 0.00 ms.
Unloading 1501 Unused Serialized files (Serialized files now loaded: 0)
System memory in use before: 151.1 MB.
System memory in use after: 151.2 MB.

Unloading 62 unused Assets to reduce memory usage. Loaded Objects now: 2029.
Total: 1.904700 ms (FindLiveObjects: 0.129000 ms CreateObjectMapping: 0.038300 ms MarkObjects: 1.675000 ms  DeleteObjects: 0.061700 ms)

========================================================================
Received Import Request.
  Time since last request: 25.907222 seconds.
  path: Assets/Prefabs/ArenaPartGate.prefab
  artifactKey: Guid(8be0638042c3f6742aacdaabf55c9201) Importer(815301076,1909f56bfc062723c751e8b465ee728b)
Start importing Assets/Prefabs/ArenaPartGate.prefab using Guid(8be0638042c3f6742aacdaabf55c9201) Importer(815301076,1909f56bfc062723c751e8b465ee728b)  -> (artifact id: '8f4b50a2a492fc36a35228a3c88c0610') in 0.041717 seconds 
========================================================================
Received Prepare
Registering precompiled user dll's ...
Registered in 0.000690 seconds.
Begin MonoManager ReloadAssembly
Native extension for WindowsStandalone target not found
Refreshing native plugins compatible for Editor in 0.28 ms, found 0 plugins.
Preloading 0 native plugins for Editor in 0.00 ms.
Mono: successfully reloaded assembly
- Completed reload, in  0.736 seconds
Platform modules already initialized, skipping
Refreshing native plugins compatible for Editor in 0.28 ms, found 0 plugins.
Preloading 0 native plugins for Editor in 0.00 ms.
Unloading 1501 Unused Serialized files (Serialized files now loaded: 0)
System memory in use before: 151.1 MB.
System memory in use after: 151.2 MB.

Unloading 62 unused Assets to reduce memory usage. Loaded Objects now: 2033.
Total: 1.984400 ms (FindLiveObjects: 0.174100 ms CreateObjectMapping: 0.034500 ms MarkObjects: 1.699600 ms  DeleteObjects: 0.075400 ms)

========================================================================
Received Prepare
Registering precompiled user dll's ...
Registered in 0.000567 seconds.
Begin MonoManager ReloadAssembly
Native extension for WindowsStandalone target not found
Refreshing native plugins compatible for Editor in 0.29 ms, found 0 plugins.
Preloading 0 native plugins for Editor in 0.00 ms.
Mono: successfully reloaded assembly
- Completed reload, in  0.754 seconds
Platform modules already initialized, skipping
Refreshing native plugins compatible for Editor in 0.29 ms, found 0 plugins.
Preloading 0 native plugins for Editor in 0.00 ms.
Unloading 1501 Unused Serialized files (Serialized files now loaded: 0)
System memory in use before: 151.1 MB.
System memory in use after: 151.2 MB.

Unloading 62 unused Assets to reduce memory usage. Loaded Objects now: 2036.
Total: 2.017300 ms (FindLiveObjects: 0.173100 ms CreateObjectMapping: 0.036500 ms MarkObjects: 1.734100 ms  DeleteObjects: 0.072200 ms)

========================================================================
Received Prepare
Registering precompiled user dll's ...
Registered in 0.000647 seconds.
Begin MonoManager ReloadAssembly
Native extension for WindowsStandalone target not found
Refreshing native plugins compatible for Editor in 0.28 ms, found 0 plugins.
Preloading 0 native plugins for Editor in 0.00 ms.
Mono: successfully reloaded assembly
- Completed reload, in  0.738 seconds
Platform modules already initialized, skipping
Refreshing native plugins compatible for Editor in 0.28 ms, found 0 plugins.
Preloading 0 native plugins for Editor in 0.00 ms.
Unloading 1501 Unused Serialized files (Serialized files now loaded: 0)
System memory in use before: 151.1 MB.
System memory in use after: 151.2 MB.

Unloading 62 unused Assets to reduce memory usage. Loaded Objects now: 2039.
Total: 1.960600 ms (FindLiveObjects: 0.168300 ms CreateObjectMapping: 0.034700 ms MarkObjects: 1.688800 ms  DeleteObjects: 0.067900 ms)

========================================================================
Received Prepare
Registering precompiled user dll's ...
Registered in 0.000614 seconds.
Begin MonoManager ReloadAssembly
Native extension for WindowsStandalone target not found
Refreshing native plugins compatible for Editor in 0.34 ms, found 0 plugins.
Preloading 0 native plugins for Editor in 0.00 ms.
Mono: successfully reloaded assembly
- Completed reload, in  0.749 seconds
Platform modules already initialized, skipping
Refreshing native plugins compatible for Editor in 0.27 ms, found 0 plugins.
Preloading 0 native plugins for Editor in 0.00 ms.
Unloading 1501 Unused Serialized files (Serialized files now loaded: 0)
System memory in use before: 151.1 MB.
System memory in use after: 151.2 MB.

Unloading 62 unused Assets to reduce memory usage. Loaded Objects now: 2042.
Total: 2.217200 ms (FindLiveObjects: 0.169400 ms CreateObjectMapping: 0.035100 ms MarkObjects: 1.931700 ms  DeleteObjects: 0.080100 ms)

========================================================================
Received Prepare
Registering precompiled user dll's ...
Registered in 0.000570 seconds.
Begin MonoManager ReloadAssembly
Native extension for WindowsStandalone target not found
Refreshing native plugins compatible for Editor in 0.29 ms, found 0 plugins.
Preloading 0 native plugins for Editor in 0.00 ms.
Mono: successfully reloaded assembly
- Completed reload, in  0.759 seconds
Platform modules already initialized, skipping
Refreshing native plugins compatible for Editor in 0.28 ms, found 0 plugins.
Preloading 0 native plugins for Editor in 0.00 ms.
Unloading 1501 Unused Serialized files (Serialized files now loaded: 0)
System memory in use before: 151.1 MB.
System memory in use after: 151.2 MB.

Unloading 62 unused Assets to reduce memory usage. Loaded Objects now: 2045.
Total: 2.104200 ms (FindLiveObjects: 0.176000 ms CreateObjectMapping: 0.036100 ms MarkObjects: 1.813300 ms  DeleteObjects: 0.077200 ms)

========================================================================
Received Import Request.
  Time since last request: 1007.541273 seconds.
  path: Assets/Prefabs/ArenaPart.prefab
  artifactKey: Guid(eeff519845508a44a95ad5bd51e23fae) Importer(815301076,1909f56bfc062723c751e8b465ee728b)
Start importing Assets/Prefabs/ArenaPart.prefab using Guid(eeff519845508a44a95ad5bd51e23fae) Importer(815301076,1909f56bfc062723c751e8b465ee728b)  -> (artifact id: 'eb7a8ca3f25106e75c3ce08e0db49374') in 0.048641 seconds 
========================================================================
Received Import Request.
  Time since last request: 4.976714 seconds.
  path: Assets/Prefabs/ArenaPart.prefab
  artifactKey: Guid(eeff519845508a44a95ad5bd51e23fae) Importer(815301076,1909f56bfc062723c751e8b465ee728b)
Start importing Assets/Prefabs/ArenaPart.prefab using Guid(eeff519845508a44a95ad5bd51e23fae) Importer(815301076,1909f56bfc062723c751e8b465ee728b)  -> (artifact id: 'c624ee95ea66c667abcaf384f98632cf') in 0.011804 seconds 
========================================================================
Received Import Request.
  Time since last request: 24.556559 seconds.
  path: Assets/Prefabs/ArenaPartGate.prefab
  artifactKey: Guid(8be0638042c3f6742aacdaabf55c9201) Importer(815301076,1909f56bfc062723c751e8b465ee728b)
Start importing Assets/Prefabs/ArenaPartGate.prefab using Guid(8be0638042c3f6742aacdaabf55c9201) Importer(815301076,1909f56bfc062723c751e8b465ee728b)  -> (artifact id: '69a012f7de879a20dd8b5de80f40319f') in 0.025794 seconds 
========================================================================
Received Import Request.
  Time since last request: 0.766655 seconds.
  path: Assets/Prefabs/ArenaPartGate.prefab
  artifactKey: Guid(8be0638042c3f6742aacdaabf55c9201) Importer(815301076,1909f56bfc062723c751e8b465ee728b)
Start importing Assets/Prefabs/ArenaPartGate.prefab using Guid(8be0638042c3f6742aacdaabf55c9201) Importer(815301076,1909f56bfc062723c751e8b465ee728b)  -> (artifact id: '455b7c129f650491c3f50834cb817d77') in 0.011068 seconds 
========================================================================
Received Prepare
Registering precompiled user dll's ...
Registered in 0.000691 seconds.
Begin MonoManager ReloadAssembly
Native extension for WindowsStandalone target not found
Refreshing native plugins compatible for Editor in 0.29 ms, found 0 plugins.
Preloading 0 native plugins for Editor in 0.00 ms.
Mono: successfully reloaded assembly
- Completed reload, in  0.731 seconds
Platform modules already initialized, skipping
Refreshing native plugins compatible for Editor in 0.28 ms, found 0 plugins.
Preloading 0 native plugins for Editor in 0.00 ms.
Unloading 1501 Unused Serialized files (Serialized files now loaded: 0)
System memory in use before: 151.2 MB.
System memory in use after: 151.3 MB.

Unloading 62 unused Assets to reduce memory usage. Loaded Objects now: 2049.
Total: 1.952400 ms (FindLiveObjects: 0.159000 ms CreateObjectMapping: 0.035300 ms MarkObjects: 1.689000 ms  DeleteObjects: 0.068100 ms)

========================================================================
Received Import Request.
  Time since last request: 19.910994 seconds.
  path: Assets/Prefabs/Pillar.prefab
  artifactKey: Guid(39ee96ffbe12b90438b42f83e3a6c648) Importer(815301076,1909f56bfc062723c751e8b465ee728b)
Start importing Assets/Prefabs/Pillar.prefab using Guid(39ee96ffbe12b90438b42f83e3a6c648) Importer(815301076,1909f56bfc062723c751e8b465ee728b)  -> (artifact id: '9430cac646fa23e192ea0699a6f74c99') in 0.041422 seconds 
========================================================================
Received Prepare
Registering precompiled user dll's ...
Registered in 0.000684 seconds.
Begin MonoManager ReloadAssembly
Native extension for WindowsStandalone target not found
Refreshing native plugins compatible for Editor in 0.31 ms, found 0 plugins.
Preloading 0 native plugins for Editor in 0.00 ms.
Mono: successfully reloaded assembly
- Completed reload, in  0.775 seconds
Platform modules already initialized, skipping
Refreshing native plugins compatible for Editor in 0.28 ms, found 0 plugins.
Preloading 0 native plugins for Editor in 0.00 ms.
Unloading 1501 Unused Serialized files (Serialized files now loaded: 0)
System memory in use before: 151.2 MB.
System memory in use after: 151.3 MB.

Unloading 62 unused Assets to reduce memory usage. Loaded Objects now: 2053.
Total: 1.912500 ms (FindLiveObjects: 0.131000 ms CreateObjectMapping: 0.034600 ms MarkObjects: 1.682500 ms  DeleteObjects: 0.063600 ms)

========================================================================
Received Import Request.
  Time since last request: 17.358321 seconds.
  path: Assets/Prefabs/EnemyBig.prefab
  artifactKey: Guid(a76a7660980a3ce43abf0bdb8a9788be) Importer(815301076,1909f56bfc062723c751e8b465ee728b)
Start importing Assets/Prefabs/EnemyBig.prefab using Guid(a76a7660980a3ce43abf0bdb8a9788be) Importer(815301076,1909f56bfc062723c751e8b465ee728b)  -> (artifact id: '6dedd2806bfd46f8b0266d3b84b955da') in 0.049078 seconds 
========================================================================
Received Import Request.
  Time since last request: 13.787537 seconds.
  path: Assets/Prefabs/EnemyBig.prefab
  artifactKey: Guid(a76a7660980a3ce43abf0bdb8a9788be) Importer(815301076,1909f56bfc062723c751e8b465ee728b)
Start importing Assets/Prefabs/EnemyBig.prefab using Guid(a76a7660980a3ce43abf0bdb8a9788be) Importer(815301076,1909f56bfc062723c751e8b465ee728b)  -> (artifact id: '165ea8ec17c7b5477b3646138b57f507') in 0.032028 seconds 
========================================================================
Received Import Request.
  Time since last request: 0.575130 seconds.
  path: Assets/Prefabs/EnemyBig.prefab
  artifactKey: Guid(a76a7660980a3ce43abf0bdb8a9788be) Importer(815301076,1909f56bfc062723c751e8b465ee728b)
Start importing Assets/Prefabs/EnemyBig.prefab using Guid(a76a7660980a3ce43abf0bdb8a9788be) Importer(815301076,1909f56bfc062723c751e8b465ee728b)  -> (artifact id: '436be1aabf930783897f418421b04434') in 0.019015 seconds 
========================================================================
Received Import Request.
  Time since last request: 5.679179 seconds.
  path: Assets/Prefabs/EnemyBig.prefab
  artifactKey: Guid(a76a7660980a3ce43abf0bdb8a9788be) Importer(815301076,1909f56bfc062723c751e8b465ee728b)
Start importing Assets/Prefabs/EnemyBig.prefab using Guid(a76a7660980a3ce43abf0bdb8a9788be) Importer(815301076,1909f56bfc062723c751e8b465ee728b)  -> (artifact id: '53d59b7e1ee1aeb26cef2c00743790fe') in 0.014914 seconds 
========================================================================
Received Import Request.
  Time since last request: 0.578643 seconds.
  path: Assets/Prefabs/EnemyBig.prefab
  artifactKey: Guid(a76a7660980a3ce43abf0bdb8a9788be) Importer(815301076,1909f56bfc062723c751e8b465ee728b)
Start importing Assets/Prefabs/EnemyBig.prefab using Guid(a76a7660980a3ce43abf0bdb8a9788be) Importer(815301076,1909f56bfc062723c751e8b465ee728b)  -> (artifact id: '6f6e22392136aa541a24fc4d86c6439b') in 0.014882 seconds 
========================================================================
Received Import Request.
  Time since last request: 2.517975 seconds.
  path: Assets/Prefabs/EnemyBig.prefab
  artifactKey: Guid(a76a7660980a3ce43abf0bdb8a9788be) Importer(815301076,1909f56bfc062723c751e8b465ee728b)
Start importing Assets/Prefabs/EnemyBig.prefab using Guid(a76a7660980a3ce43abf0bdb8a9788be) Importer(815301076,1909f56bfc062723c751e8b465ee728b)  -> (artifact id: 'aeab13233e5b01814d1ca36a34662ad9') in 0.013397 seconds 
========================================================================
Received Import Request.
  Time since last request: 4.357049 seconds.
  path: Assets/Prefabs/EnemyBig.prefab
  artifactKey: Guid(a76a7660980a3ce43abf0bdb8a9788be) Importer(815301076,1909f56bfc062723c751e8b465ee728b)
Start importing Assets/Prefabs/EnemyBig.prefab using Guid(a76a7660980a3ce43abf0bdb8a9788be) Importer(815301076,1909f56bfc062723c751e8b465ee728b)  -> (artifact id: '7ab1a62ef5c42eb234c57e7e2ffee4de') in 0.026676 seconds 
========================================================================
Received Import Request.
  Time since last request: 0.374288 seconds.
  path: Assets/Prefabs/EnemyBig.prefab
  artifactKey: Guid(a76a7660980a3ce43abf0bdb8a9788be) Importer(815301076,1909f56bfc062723c751e8b465ee728b)
Start importing Assets/Prefabs/EnemyBig.prefab using Guid(a76a7660980a3ce43abf0bdb8a9788be) Importer(815301076,1909f56bfc062723c751e8b465ee728b)  -> (artifact id: '3855c6eff97b24b5cadc528849367ea2') in 0.022107 seconds 
========================================================================
Received Import Request.
  Time since last request: 1.820028 seconds.
  path: Assets/Prefabs/EnemyBig.prefab
  artifactKey: Guid(a76a7660980a3ce43abf0bdb8a9788be) Importer(815301076,1909f56bfc062723c751e8b465ee728b)
Start importing Assets/Prefabs/EnemyBig.prefab using Guid(a76a7660980a3ce43abf0bdb8a9788be) Importer(815301076,1909f56bfc062723c751e8b465ee728b)  -> (artifact id: '66282631c439cdc5ac9ac9401d444b88') in 0.019491 seconds 
========================================================================
Received Import Request.
  Time since last request: 0.373389 seconds.
  path: Assets/Prefabs/EnemyBig.prefab
  artifactKey: Guid(a76a7660980a3ce43abf0bdb8a9788be) Importer(815301076,1909f56bfc062723c751e8b465ee728b)
Start importing Assets/Prefabs/EnemyBig.prefab using Guid(a76a7660980a3ce43abf0bdb8a9788be) Importer(815301076,1909f56bfc062723c751e8b465ee728b)  -> (artifact id: '30603bb2b3c526e95dcc5f0dcb9e0b81') in 0.021733 seconds 
========================================================================
Received Import Request.
  Time since last request: 2.029611 seconds.
  path: Assets/Prefabs/EnemyBig.prefab
  artifactKey: Guid(a76a7660980a3ce43abf0bdb8a9788be) Importer(815301076,1909f56bfc062723c751e8b465ee728b)
Start importing Assets/Prefabs/EnemyBig.prefab using Guid(a76a7660980a3ce43abf0bdb8a9788be) Importer(815301076,1909f56bfc062723c751e8b465ee728b)  -> (artifact id: '5b391b7bbb237df108dcc5a11d37d0ea') in 0.031068 seconds 
========================================================================
Received Import Request.
  Time since last request: 0.364718 seconds.
  path: Assets/Prefabs/EnemyBig.prefab
  artifactKey: Guid(a76a7660980a3ce43abf0bdb8a9788be) Importer(815301076,1909f56bfc062723c751e8b465ee728b)
Start importing Assets/Prefabs/EnemyBig.prefab using Guid(a76a7660980a3ce43abf0bdb8a9788be) Importer(815301076,1909f56bfc062723c751e8b465ee728b)  -> (artifact id: 'efb0742d69089a1a993c60b41ba933ff') in 0.019013 seconds 
========================================================================
Received Import Request.
  Time since last request: 2.015429 seconds.
  path: Assets/Prefabs/EnemyBig.prefab
  artifactKey: Guid(a76a7660980a3ce43abf0bdb8a9788be) Importer(815301076,1909f56bfc062723c751e8b465ee728b)
Start importing Assets/Prefabs/EnemyBig.prefab using Guid(a76a7660980a3ce43abf0bdb8a9788be) Importer(815301076,1909f56bfc062723c751e8b465ee728b)  -> (artifact id: '1432210a761c7ec46ca1973d310bd88b') in 0.025482 seconds 
========================================================================
Received Import Request.
  Time since last request: 0.371211 seconds.
  path: Assets/Prefabs/EnemyBig.prefab
  artifactKey: Guid(a76a7660980a3ce43abf0bdb8a9788be) Importer(815301076,1909f56bfc062723c751e8b465ee728b)
Start importing Assets/Prefabs/EnemyBig.prefab using Guid(a76a7660980a3ce43abf0bdb8a9788be) Importer(815301076,1909f56bfc062723c751e8b465ee728b)  -> (artifact id: '5aa8ae73403472d171e5ddca8b3c0cac') in 0.010324 seconds 
========================================================================
Received Import Request.
  Time since last request: 2.465479 seconds.
  path: Assets/Prefabs/EnemyBig.prefab
  artifactKey: Guid(a76a7660980a3ce43abf0bdb8a9788be) Importer(815301076,1909f56bfc062723c751e8b465ee728b)
Start importing Assets/Prefabs/EnemyBig.prefab using Guid(a76a7660980a3ce43abf0bdb8a9788be) Importer(815301076,1909f56bfc062723c751e8b465ee728b)  -> (artifact id: 'b718d3ff93689a3854fc12d56ccb2b86') in 0.012356 seconds 
========================================================================
Received Import Request.
  Time since last request: 0.581443 seconds.
  path: Assets/Prefabs/EnemyBig.prefab
  artifactKey: Guid(a76a7660980a3ce43abf0bdb8a9788be) Importer(815301076,1909f56bfc062723c751e8b465ee728b)
Start importing Assets/Prefabs/EnemyBig.prefab using Guid(a76a7660980a3ce43abf0bdb8a9788be) Importer(815301076,1909f56bfc062723c751e8b465ee728b)  -> (artifact id: '16bbdef86315d74d6cbd82bcc01733cc') in 0.010128 seconds 
========================================================================
Received Import Request.
  Time since last request: 1.402706 seconds.
  path: Assets/Prefabs/EnemyBig.prefab
  artifactKey: Guid(a76a7660980a3ce43abf0bdb8a9788be) Importer(815301076,1909f56bfc062723c751e8b465ee728b)
Start importing Assets/Prefabs/EnemyBig.prefab using Guid(a76a7660980a3ce43abf0bdb8a9788be) Importer(815301076,1909f56bfc062723c751e8b465ee728b)  -> (artifact id: '952577a3cb25fb4fbf7f0c9c14d95634') in 0.022035 seconds 
========================================================================
Received Import Request.
  Time since last request: 0.370723 seconds.
  path: Assets/Prefabs/EnemyBig.prefab
  artifactKey: Guid(a76a7660980a3ce43abf0bdb8a9788be) Importer(815301076,1909f56bfc062723c751e8b465ee728b)
Start importing Assets/Prefabs/EnemyBig.prefab using Guid(a76a7660980a3ce43abf0bdb8a9788be) Importer(815301076,1909f56bfc062723c751e8b465ee728b)  -> (artifact id: 'eceaa755f9c499ba5f9fb1cac843c0d6') in 0.024303 seconds 
========================================================================
Received Import Request.
  Time since last request: 9.111448 seconds.
  path: Assets/Prefabs/EnemyBig.prefab
  artifactKey: Guid(a76a7660980a3ce43abf0bdb8a9788be) Importer(815301076,1909f56bfc062723c751e8b465ee728b)
Start importing Assets/Prefabs/EnemyBig.prefab using Guid(a76a7660980a3ce43abf0bdb8a9788be) Importer(815301076,1909f56bfc062723c751e8b465ee728b)  -> (artifact id: '33a9b67ce82fbb9c65117586e104850c') in 0.010192 seconds 
========================================================================
Received Import Request.
  Time since last request: 0.792565 seconds.
  path: Assets/Prefabs/EnemyBig.prefab
  artifactKey: Guid(a76a7660980a3ce43abf0bdb8a9788be) Importer(815301076,1909f56bfc062723c751e8b465ee728b)
Start importing Assets/Prefabs/EnemyBig.prefab using Guid(a76a7660980a3ce43abf0bdb8a9788be) Importer(815301076,1909f56bfc062723c751e8b465ee728b)  -> (artifact id: '8b2ed209403471ab3050ce4090a3791d') in 0.010139 seconds 
========================================================================
Received Import Request.
  Time since last request: 19.517952 seconds.
  path: Assets/Prefabs/EnemyBig.prefab
  artifactKey: Guid(a76a7660980a3ce43abf0bdb8a9788be) Importer(815301076,1909f56bfc062723c751e8b465ee728b)
Start importing Assets/Prefabs/EnemyBig.prefab using Guid(a76a7660980a3ce43abf0bdb8a9788be) Importer(815301076,1909f56bfc062723c751e8b465ee728b)  -> (artifact id: 'c1359db636cc1a2a3017ba5ddfa7088f') in 0.039439 seconds 
========================================================================
Received Import Request.
  Time since last request: 0.560216 seconds.
  path: Assets/Prefabs/EnemyBig.prefab
  artifactKey: Guid(a76a7660980a3ce43abf0bdb8a9788be) Importer(815301076,1909f56bfc062723c751e8b465ee728b)
Start importing Assets/Prefabs/EnemyBig.prefab using Guid(a76a7660980a3ce43abf0bdb8a9788be) Importer(815301076,1909f56bfc062723c751e8b465ee728b)  -> (artifact id: '3feeaeb0ec123e141bfc789f8fd2c8d3') in 0.011389 seconds 
========================================================================
Received Prepare
Registering precompiled user dll's ...
Registered in 0.000757 seconds.
Begin MonoManager ReloadAssembly
Native extension for WindowsStandalone target not found
Refreshing native plugins compatible for Editor in 0.28 ms, found 0 plugins.
Preloading 0 native plugins for Editor in 0.00 ms.
Mono: successfully reloaded assembly
- Completed reload, in  0.737 seconds
Platform modules already initialized, skipping
Refreshing native plugins compatible for Editor in 0.28 ms, found 0 plugins.
Preloading 0 native plugins for Editor in 0.00 ms.
Unloading 1501 Unused Serialized files (Serialized files now loaded: 0)
System memory in use before: 151.3 MB.
System memory in use after: 151.4 MB.

Unloading 62 unused Assets to reduce memory usage. Loaded Objects now: 2058.
Total: 1.941500 ms (FindLiveObjects: 0.131400 ms CreateObjectMapping: 0.036900 ms MarkObjects: 1.708200 ms  DeleteObjects: 0.064400 ms)

========================================================================
Received Import Request.
  Time since last request: 20.615138 seconds.
  path: Assets/Prefabs/Pillar.prefab
  artifactKey: Guid(39ee96ffbe12b90438b42f83e3a6c648) Importer(815301076,1909f56bfc062723c751e8b465ee728b)
Start importing Assets/Prefabs/Pillar.prefab using Guid(39ee96ffbe12b90438b42f83e3a6c648) Importer(815301076,1909f56bfc062723c751e8b465ee728b)  -> (artifact id: 'bb8011dfcd0187721e99131c0b5c7e43') in 0.046228 seconds 
========================================================================
Received Import Request.
  Time since last request: 0.301475 seconds.
  path: Assets/Prefabs/Pillar.prefab
  artifactKey: Guid(39ee96ffbe12b90438b42f83e3a6c648) Importer(815301076,1909f56bfc062723c751e8b465ee728b)
Start importing Assets/Prefabs/Pillar.prefab using Guid(39ee96ffbe12b90438b42f83e3a6c648) Importer(815301076,1909f56bfc062723c751e8b465ee728b)  -> (artifact id: 'ce1740ec2cfc21c6dfbcfd3e0f9c5628') in 0.006767 seconds 
========================================================================
Received Prepare
Registering precompiled user dll's ...
Registered in 0.000787 seconds.
Begin MonoManager ReloadAssembly
Native extension for WindowsStandalone target not found
Refreshing native plugins compatible for Editor in 0.29 ms, found 0 plugins.
Preloading 0 native plugins for Editor in 0.00 ms.
Mono: successfully reloaded assembly
- Completed reload, in  0.738 seconds
Platform modules already initialized, skipping
Refreshing native plugins compatible for Editor in 0.29 ms, found 0 plugins.
Preloading 0 native plugins for Editor in 0.00 ms.
Unloading 1501 Unused Serialized files (Serialized files now loaded: 0)
System memory in use before: 151.3 MB.
System memory in use after: 151.5 MB.

Unloading 62 unused Assets to reduce memory usage. Loaded Objects now: 2062.
Total: 2.066000 ms (FindLiveObjects: 0.169100 ms CreateObjectMapping: 0.034700 ms MarkObjects: 1.791400 ms  DeleteObjects: 0.070000 ms)

========================================================================
Received Import Request.
  Time since last request: 17.222843 seconds.
  path: Assets/Prefabs/ArenaPartGate.prefab
  artifactKey: Guid(8be0638042c3f6742aacdaabf55c9201) Importer(815301076,1909f56bfc062723c751e8b465ee728b)
Start importing Assets/Prefabs/ArenaPartGate.prefab using Guid(8be0638042c3f6742aacdaabf55c9201) Importer(815301076,1909f56bfc062723c751e8b465ee728b)  -> (artifact id: 'd5a15794614f8ff92e67860e24431514') in 0.043653 seconds 
========================================================================
Received Import Request.
  Time since last request: 17.897922 seconds.
  path: Assets/Prefabs/ArenaPart.prefab
  artifactKey: Guid(eeff519845508a44a95ad5bd51e23fae) Importer(815301076,1909f56bfc062723c751e8b465ee728b)
Start importing Assets/Prefabs/ArenaPart.prefab using Guid(eeff519845508a44a95ad5bd51e23fae) Importer(815301076,1909f56bfc062723c751e8b465ee728b)  -> (artifact id: 'c3b5cbf52404346b086f772b90bf63f1') in 0.028457 seconds 
========================================================================
Received Prepare
Registering precompiled user dll's ...
Registered in 0.000621 seconds.
Begin MonoManager ReloadAssembly
Native extension for WindowsStandalone target not found
Refreshing native plugins compatible for Editor in 0.28 ms, found 0 plugins.
Preloading 0 native plugins for Editor in 0.00 ms.
Mono: successfully reloaded assembly
- Completed reload, in  0.738 seconds
Platform modules already initialized, skipping
Refreshing native plugins compatible for Editor in 0.28 ms, found 0 plugins.
Preloading 0 native plugins for Editor in 0.00 ms.
Unloading 1501 Unused Serialized files (Serialized files now loaded: 0)
System memory in use before: 151.4 MB.
System memory in use after: 151.5 MB.

Unloading 62 unused Assets to reduce memory usage. Loaded Objects now: 2066.
Total: 2.050700 ms (FindLiveObjects: 0.146300 ms CreateObjectMapping: 0.036700 ms MarkObjects: 1.800400 ms  DeleteObjects: 0.066400 ms)

========================================================================
Received Prepare
Registering precompiled user dll's ...
Registered in 0.000662 seconds.
Begin MonoManager ReloadAssembly
Native extension for WindowsStandalone target not found
Refreshing native plugins compatible for Editor in 0.30 ms, found 0 plugins.
Preloading 0 native plugins for Editor in 0.00 ms.
Mono: successfully reloaded assembly
- Completed reload, in  0.744 seconds
Platform modules already initialized, skipping
Refreshing native plugins compatible for Editor in 0.28 ms, found 0 plugins.
Preloading 0 native plugins for Editor in 0.00 ms.
Unloading 1501 Unused Serialized files (Serialized files now loaded: 0)
System memory in use before: 151.4 MB.
System memory in use after: 151.5 MB.

Unloading 62 unused Assets to reduce memory usage. Loaded Objects now: 2069.
Total: 2.040500 ms (FindLiveObjects: 0.162200 ms CreateObjectMapping: 0.035200 ms MarkObjects: 1.765600 ms  DeleteObjects: 0.076800 ms)

========================================================================
Received Prepare
Registering precompiled user dll's ...
Registered in 0.000605 seconds.
Begin MonoManager ReloadAssembly
Native extension for WindowsStandalone target not found
Refreshing native plugins compatible for Editor in 0.32 ms, found 0 plugins.
Preloading 0 native plugins for Editor in 0.00 ms.
Mono: successfully reloaded assembly
- Completed reload, in  0.792 seconds
Platform modules already initialized, skipping
Refreshing native plugins compatible for Editor in 0.27 ms, found 0 plugins.
Preloading 0 native plugins for Editor in 0.00 ms.
Unloading 1501 Unused Serialized files (Serialized files now loaded: 0)
System memory in use before: 151.4 MB.
System memory in use after: 151.5 MB.

Unloading 62 unused Assets to reduce memory usage. Loaded Objects now: 2072.
Total: 2.091500 ms (FindLiveObjects: 0.211400 ms CreateObjectMapping: 0.050600 ms MarkObjects: 1.758700 ms  DeleteObjects: 0.069900 ms)

========================================================================
Received Prepare
Registering precompiled user dll's ...
Registered in 0.000662 seconds.
Begin MonoManager ReloadAssembly
Native extension for WindowsStandalone target not found
Refreshing native plugins compatible for Editor in 0.29 ms, found 0 plugins.
Preloading 0 native plugins for Editor in 0.00 ms.
Mono: successfully reloaded assembly
- Completed reload, in  0.758 seconds
Platform modules already initialized, skipping
Refreshing native plugins compatible for Editor in 0.27 ms, found 0 plugins.
Preloading 0 native plugins for Editor in 0.00 ms.
Unloading 1501 Unused Serialized files (Serialized files now loaded: 0)
System memory in use before: 151.4 MB.
System memory in use after: 151.5 MB.

Unloading 62 unused Assets to reduce memory usage. Loaded Objects now: 2075.
Total: 2.327200 ms (FindLiveObjects: 0.197400 ms CreateObjectMapping: 0.038900 ms MarkObjects: 2.009000 ms  DeleteObjects: 0.080700 ms)

========================================================================
Received Prepare
Registering precompiled user dll's ...
Registered in 0.001001 seconds.
Begin MonoManager ReloadAssembly
Native extension for WindowsStandalone target not found
Refreshing native plugins compatible for Editor in 0.31 ms, found 0 plugins.
Preloading 0 native plugins for Editor in 0.00 ms.
Mono: successfully reloaded assembly
- Completed reload, in  0.768 seconds
Platform modules already initialized, skipping
Refreshing native plugins compatible for Editor in 0.31 ms, found 0 plugins.
Preloading 0 native plugins for Editor in 0.00 ms.
Unloading 1501 Unused Serialized files (Serialized files now loaded: 0)
System memory in use before: 151.4 MB.
System memory in use after: 151.5 MB.

Unloading 62 unused Assets to reduce memory usage. Loaded Objects now: 2078.
Total: 2.639900 ms (FindLiveObjects: 0.205700 ms CreateObjectMapping: 0.037200 ms MarkObjects: 2.287400 ms  DeleteObjects: 0.107900 ms)

========================================================================
Received Prepare
Refreshing native plugins compatible for Editor in 0.84 ms, found 0 plugins.
Preloading 0 native plugins for Editor in 0.00 ms.
Unloading 2 Unused Serialized files (Serialized files now loaded: 0)
System memory in use before: 120.9 MB.
System memory in use after: 121.0 MB.

Unloading 2 unused Assets to reduce memory usage. Loaded Objects now: 2078.
Total: 3.014500 ms (FindLiveObjects: 0.238500 ms CreateObjectMapping: 0.042200 ms MarkObjects: 2.714300 ms  DeleteObjects: 0.017900 ms)

========================================================================
Received Prepare
Refreshing native plugins compatible for Editor in 0.70 ms, found 0 plugins.
Preloading 0 native plugins for Editor in 0.00 ms.
Unloading 2 Unused Serialized files (Serialized files now loaded: 0)
System memory in use before: 120.9 MB.
System memory in use after: 121.0 MB.

Unloading 2 unused Assets to reduce memory usage. Loaded Objects now: 2078.
Total: 1.937600 ms (FindLiveObjects: 0.162600 ms CreateObjectMapping: 0.037800 ms MarkObjects: 1.727500 ms  DeleteObjects: 0.009000 ms)

========================================================================
Received Import Request.
  Time since last request: 914.909857 seconds.
  path: Assets/Prefabs/ArenaPartGate.prefab
  artifactKey: Guid(8be0638042c3f6742aacdaabf55c9201) Importer(815301076,1909f56bfc062723c751e8b465ee728b)
Start importing Assets/Prefabs/ArenaPartGate.prefab using Guid(8be0638042c3f6742aacdaabf55c9201) Importer(815301076,1909f56bfc062723c751e8b465ee728b)  -> (artifact id: 'ba585bc6ac7964421d0b76b2720f6085') in 0.043927 seconds 
========================================================================
Received Import Request.
  Time since last request: 10.774653 seconds.
  path: Assets/Prefabs/ArenaPartGate.prefab
  artifactKey: Guid(8be0638042c3f6742aacdaabf55c9201) Importer(815301076,1909f56bfc062723c751e8b465ee728b)
Start importing Assets/Prefabs/ArenaPartGate.prefab using Guid(8be0638042c3f6742aacdaabf55c9201) Importer(815301076,1909f56bfc062723c751e8b465ee728b)  -> (artifact id: '92280bd437b68d1617197a352ddd93b2') in 0.028622 seconds 
========================================================================
Received Import Request.
  Time since last request: 0.365968 seconds.
  path: Assets/Prefabs/ArenaPartGate.prefab
  artifactKey: Guid(8be0638042c3f6742aacdaabf55c9201) Importer(815301076,1909f56bfc062723c751e8b465ee728b)
Start importing Assets/Prefabs/ArenaPartGate.prefab using Guid(8be0638042c3f6742aacdaabf55c9201) Importer(815301076,1909f56bfc062723c751e8b465ee728b)  -> (artifact id: '37444a6068bef58a2f852688481241ef') in 0.010741 seconds 
========================================================================
Received Import Request.
  Time since last request: 8.691142 seconds.
  path: Assets/Prefabs/ArenaPart.prefab
  artifactKey: Guid(eeff519845508a44a95ad5bd51e23fae) Importer(815301076,1909f56bfc062723c751e8b465ee728b)
Start importing Assets/Prefabs/ArenaPart.prefab using Guid(eeff519845508a44a95ad5bd51e23fae) Importer(815301076,1909f56bfc062723c751e8b465ee728b)  -> (artifact id: '2ed4885762464fed8ba73fb9ccf4375f') in 0.038139 seconds 
========================================================================
Received Import Request.
  Time since last request: 0.557820 seconds.
  path: Assets/Prefabs/ArenaPart.prefab
  artifactKey: Guid(eeff519845508a44a95ad5bd51e23fae) Importer(815301076,1909f56bfc062723c751e8b465ee728b)
Start importing Assets/Prefabs/ArenaPart.prefab using Guid(eeff519845508a44a95ad5bd51e23fae) Importer(815301076,1909f56bfc062723c751e8b465ee728b)  -> (artifact id: '4b160df16b5d818dc5d63588832baf6e') in 0.008366 seconds 
========================================================================
Received Import Request.
  Time since last request: 2.533908 seconds.
  path: Assets/Prefabs/ArenaPart.prefab
  artifactKey: Guid(eeff519845508a44a95ad5bd51e23fae) Importer(815301076,1909f56bfc062723c751e8b465ee728b)
Start importing Assets/Prefabs/ArenaPart.prefab using Guid(eeff519845508a44a95ad5bd51e23fae) Importer(815301076,1909f56bfc062723c751e8b465ee728b)  -> (artifact id: '23f6f2f28685e3d0c15f7555739c373d') in 0.009684 seconds 
========================================================================
Received Import Request.
  Time since last request: 15.498647 seconds.
  path: Assets/Prefabs/EnemyBig.prefab
  artifactKey: Guid(a76a7660980a3ce43abf0bdb8a9788be) Importer(815301076,1909f56bfc062723c751e8b465ee728b)
Start importing Assets/Prefabs/EnemyBig.prefab using Guid(a76a7660980a3ce43abf0bdb8a9788be) Importer(815301076,1909f56bfc062723c751e8b465ee728b)  -> (artifact id: '23798afab6b1773c5e64bd59fc2e3111') in 0.029343 seconds 
========================================================================
Received Import Request.
  Time since last request: 9.680133 seconds.
  path: Assets/Prefabs/EnemyBig.prefab
  artifactKey: Guid(a76a7660980a3ce43abf0bdb8a9788be) Importer(815301076,1909f56bfc062723c751e8b465ee728b)
Start importing Assets/Prefabs/EnemyBig.prefab using Guid(a76a7660980a3ce43abf0bdb8a9788be) Importer(815301076,1909f56bfc062723c751e8b465ee728b)  -> (artifact id: '2921fb03d1cf815acbedda9ff3051e30') in 0.026267 seconds 
========================================================================
Received Import Request.
  Time since last request: 14.619539 seconds.
  path: Assets/Prefabs/Pillar.prefab
  artifactKey: Guid(39ee96ffbe12b90438b42f83e3a6c648) Importer(815301076,1909f56bfc062723c751e8b465ee728b)
Start importing Assets/Prefabs/Pillar.prefab using Guid(39ee96ffbe12b90438b42f83e3a6c648) Importer(815301076,1909f56bfc062723c751e8b465ee728b)  -> (artifact id: 'c46b9f980306b4230b551cb491e1701e') in 0.009482 seconds 
========================================================================
Received Prepare
Registering precompiled user dll's ...
Registered in 0.000606 seconds.
Begin MonoManager ReloadAssembly
Native extension for WindowsStandalone target not found
Refreshing native plugins compatible for Editor in 0.30 ms, found 0 plugins.
Preloading 0 native plugins for Editor in 0.00 ms.
Mono: successfully reloaded assembly
- Completed reload, in  0.736 seconds
Platform modules already initialized, skipping
Refreshing native plugins compatible for Editor in 0.27 ms, found 0 plugins.
Preloading 0 native plugins for Editor in 0.00 ms.
Unloading 1501 Unused Serialized files (Serialized files now loaded: 0)
System memory in use before: 151.5 MB.
System memory in use after: 151.6 MB.

Unloading 62 unused Assets to reduce memory usage. Loaded Objects now: 2082.
Total: 1.896300 ms (FindLiveObjects: 0.129300 ms CreateObjectMapping: 0.034500 ms MarkObjects: 1.666400 ms  DeleteObjects: 0.065400 ms)

========================================================================
Received Prepare
Registering precompiled user dll's ...
Registered in 0.000803 seconds.
Begin MonoManager ReloadAssembly
Native extension for WindowsStandalone target not found
Refreshing native plugins compatible for Editor in 0.28 ms, found 0 plugins.
Preloading 0 native plugins for Editor in 0.00 ms.
Mono: successfully reloaded assembly
- Completed reload, in  0.754 seconds
Platform modules already initialized, skipping
Refreshing native plugins compatible for Editor in 0.27 ms, found 0 plugins.
Preloading 0 native plugins for Editor in 0.00 ms.
Unloading 1501 Unused Serialized files (Serialized files now loaded: 0)
System memory in use before: 151.5 MB.
System memory in use after: 151.6 MB.

Unloading 62 unused Assets to reduce memory usage. Loaded Objects now: 2085.
Total: 1.915700 ms (FindLiveObjects: 0.140800 ms CreateObjectMapping: 0.035200 ms MarkObjects: 1.672700 ms  DeleteObjects: 0.066200 ms)

========================================================================
Received Prepare
Registering precompiled user dll's ...
Registered in 0.000591 seconds.
Begin MonoManager ReloadAssembly
Native extension for WindowsStandalone target not found
Refreshing native plugins compatible for Editor in 0.29 ms, found 0 plugins.
Preloading 0 native plugins for Editor in 0.00 ms.
Mono: successfully reloaded assembly
- Completed reload, in  0.773 seconds
Platform modules already initialized, skipping
Refreshing native plugins compatible for Editor in 0.28 ms, found 0 plugins.
Preloading 0 native plugins for Editor in 0.00 ms.
Unloading 1501 Unused Serialized files (Serialized files now loaded: 0)
System memory in use before: 151.5 MB.
System memory in use after: 151.6 MB.

Unloading 62 unused Assets to reduce memory usage. Loaded Objects now: 2088.
Total: 2.168800 ms (FindLiveObjects: 0.238700 ms CreateObjectMapping: 0.049700 ms MarkObjects: 1.803500 ms  DeleteObjects: 0.076000 ms)

========================================================================
Received Prepare
Registering precompiled user dll's ...
Registered in 0.000584 seconds.
Begin MonoManager ReloadAssembly
Native extension for WindowsStandalone target not found
Refreshing native plugins compatible for Editor in 0.30 ms, found 0 plugins.
Preloading 0 native plugins for Editor in 0.00 ms.
Mono: successfully reloaded assembly
- Completed reload, in  0.755 seconds
Platform modules already initialized, skipping
Refreshing native plugins compatible for Editor in 0.27 ms, found 0 plugins.
Preloading 0 native plugins for Editor in 0.00 ms.
Unloading 1501 Unused Serialized files (Serialized files now loaded: 0)
System memory in use before: 151.5 MB.
System memory in use after: 151.6 MB.

Unloading 62 unused Assets to reduce memory usage. Loaded Objects now: 2091.
Total: 2.267900 ms (FindLiveObjects: 0.239800 ms CreateObjectMapping: 0.043100 ms MarkObjects: 1.917400 ms  DeleteObjects: 0.066900 ms)

========================================================================
Received Prepare
Registering precompiled user dll's ...
Registered in 0.000587 seconds.
Begin MonoManager ReloadAssembly
Native extension for WindowsStandalone target not found
Refreshing native plugins compatible for Editor in 0.29 ms, found 0 plugins.
Preloading 0 native plugins for Editor in 0.00 ms.
Mono: successfully reloaded assembly
- Completed reload, in  0.798 seconds
Platform modules already initialized, skipping
Refreshing native plugins compatible for Editor in 0.29 ms, found 0 plugins.
Preloading 0 native plugins for Editor in 0.00 ms.
Unloading 1501 Unused Serialized files (Serialized files now loaded: 0)
System memory in use before: 151.5 MB.
System memory in use after: 151.6 MB.

Unloading 62 unused Assets to reduce memory usage. Loaded Objects now: 2094.
Total: 2.168800 ms (FindLiveObjects: 0.189400 ms CreateObjectMapping: 0.035800 ms MarkObjects: 1.863000 ms  DeleteObjects: 0.079400 ms)

========================================================================
Received Prepare
Registering precompiled user dll's ...
Registered in 0.000600 seconds.
Begin MonoManager ReloadAssembly
Native extension for WindowsStandalone target not found
Refreshing native plugins compatible for Editor in 0.28 ms, found 0 plugins.
Preloading 0 native plugins for Editor in 0.00 ms.
Mono: successfully reloaded assembly
- Completed reload, in  0.741 seconds
Platform modules already initialized, skipping
Refreshing native plugins compatible for Editor in 0.29 ms, found 0 plugins.
Preloading 0 native plugins for Editor in 0.00 ms.
Unloading 1501 Unused Serialized files (Serialized files now loaded: 0)
System memory in use before: 151.5 MB.
System memory in use after: 151.6 MB.

Unloading 62 unused Assets to reduce memory usage. Loaded Objects now: 2097.
Total: 2.057900 ms (FindLiveObjects: 0.151900 ms CreateObjectMapping: 0.040100 ms MarkObjects: 1.793100 ms  DeleteObjects: 0.072000 ms)

========================================================================
Received Prepare
Registering precompiled user dll's ...
Registered in 0.000633 seconds.
Begin MonoManager ReloadAssembly
Native extension for WindowsStandalone target not found
Refreshing native plugins compatible for Editor in 0.30 ms, found 0 plugins.
Preloading 0 native plugins for Editor in 0.00 ms.
Mono: successfully reloaded assembly
- Completed reload, in  0.762 seconds
Platform modules already initialized, skipping
Refreshing native plugins compatible for Editor in 0.28 ms, found 0 plugins.
Preloading 0 native plugins for Editor in 0.00 ms.
Unloading 1501 Unused Serialized files (Serialized files now loaded: 0)
System memory in use before: 151.5 MB.
System memory in use after: 151.6 MB.

Unloading 62 unused Assets to reduce memory usage. Loaded Objects now: 2100.
Total: 2.054200 ms (FindLiveObjects: 0.167100 ms CreateObjectMapping: 0.036900 ms MarkObjects: 1.782500 ms  DeleteObjects: 0.066900 ms)

========================================================================
Received Prepare
Registering precompiled user dll's ...
Registered in 0.000704 seconds.
Begin MonoManager ReloadAssembly
Native extension for WindowsStandalone target not found
Refreshing native plugins compatible for Editor in 0.29 ms, found 0 plugins.
Preloading 0 native plugins for Editor in 0.00 ms.
Mono: successfully reloaded assembly
- Completed reload, in  0.878 seconds
Platform modules already initialized, skipping
Refreshing native plugins compatible for Editor in 0.31 ms, found 0 plugins.
Preloading 0 native plugins for Editor in 0.00 ms.
Unloading 1501 Unused Serialized files (Serialized files now loaded: 0)
System memory in use before: 151.5 MB.
System memory in use after: 151.6 MB.

Unloading 62 unused Assets to reduce memory usage. Loaded Objects now: 2103.
Total: 2.586100 ms (FindLiveObjects: 0.299700 ms CreateObjectMapping: 0.054500 ms MarkObjects: 2.149600 ms  DeleteObjects: 0.081000 ms)

========================================================================
Received Prepare
Registering precompiled user dll's ...
Registered in 0.000596 seconds.
Begin MonoManager ReloadAssembly
Native extension for WindowsStandalone target not found
Refreshing native plugins compatible for Editor in 0.29 ms, found 0 plugins.
Preloading 0 native plugins for Editor in 0.00 ms.
Mono: successfully reloaded assembly
- Completed reload, in  0.743 seconds
Platform modules already initialized, skipping
Refreshing native plugins compatible for Editor in 0.27 ms, found 0 plugins.
Preloading 0 native plugins for Editor in 0.00 ms.
Unloading 1501 Unused Serialized files (Serialized files now loaded: 0)
System memory in use before: 151.5 MB.
System memory in use after: 151.6 MB.

Unloading 62 unused Assets to reduce memory usage. Loaded Objects now: 2106.
Total: 2.079100 ms (FindLiveObjects: 0.183000 ms CreateObjectMapping: 0.042800 ms MarkObjects: 1.781300 ms  DeleteObjects: 0.071400 ms)

========================================================================
Received Prepare
Registering precompiled user dll's ...
Registered in 0.000616 seconds.
Begin MonoManager ReloadAssembly
Native extension for WindowsStandalone target not found
Refreshing native plugins compatible for Editor in 0.33 ms, found 0 plugins.
Preloading 0 native plugins for Editor in 0.00 ms.
Mono: successfully reloaded assembly
- Completed reload, in  0.730 seconds
Platform modules already initialized, skipping
Refreshing native plugins compatible for Editor in 0.29 ms, found 0 plugins.
Preloading 0 native plugins for Editor in 0.00 ms.
Unloading 1501 Unused Serialized files (Serialized files now loaded: 0)
System memory in use before: 151.5 MB.
System memory in use after: 151.6 MB.

Unloading 62 unused Assets to reduce memory usage. Loaded Objects now: 2109.
Total: 2.081500 ms (FindLiveObjects: 0.226800 ms CreateObjectMapping: 0.043100 ms MarkObjects: 1.744200 ms  DeleteObjects: 0.066400 ms)

========================================================================
Received Prepare
Registering precompiled user dll's ...
Registered in 0.000727 seconds.
Begin MonoManager ReloadAssembly
Native extension for WindowsStandalone target not found
Refreshing native plugins compatible for Editor in 0.28 ms, found 0 plugins.
Preloading 0 native plugins for Editor in 0.00 ms.
Mono: successfully reloaded assembly
- Completed reload, in  0.738 seconds
Platform modules already initialized, skipping
Refreshing native plugins compatible for Editor in 0.28 ms, found 0 plugins.
Preloading 0 native plugins for Editor in 0.00 ms.
Unloading 1501 Unused Serialized files (Serialized files now loaded: 0)
System memory in use before: 151.5 MB.
System memory in use after: 151.6 MB.

Unloading 62 unused Assets to reduce memory usage. Loaded Objects now: 2112.
Total: 2.350800 ms (FindLiveObjects: 0.179400 ms CreateObjectMapping: 0.040600 ms MarkObjects: 2.049500 ms  DeleteObjects: 0.080000 ms)

========================================================================
Received Prepare
Registering precompiled user dll's ...
Registered in 0.000614 seconds.
Begin MonoManager ReloadAssembly
Native extension for WindowsStandalone target not found
Refreshing native plugins compatible for Editor in 0.29 ms, found 0 plugins.
Preloading 0 native plugins for Editor in 0.00 ms.
Mono: successfully reloaded assembly
- Completed reload, in  0.730 seconds
Platform modules already initialized, skipping
Refreshing native plugins compatible for Editor in 0.27 ms, found 0 plugins.
Preloading 0 native plugins for Editor in 0.00 ms.
Unloading 1501 Unused Serialized files (Serialized files now loaded: 0)
System memory in use before: 151.5 MB.
System memory in use after: 151.7 MB.

Unloading 62 unused Assets to reduce memory usage. Loaded Objects now: 2115.
Total: 1.988600 ms (FindLiveObjects: 0.130500 ms CreateObjectMapping: 0.035500 ms MarkObjects: 1.749300 ms  DeleteObjects: 0.072500 ms)

========================================================================
Received Prepare
Registering precompiled user dll's ...
Registered in 0.000609 seconds.
Begin MonoManager ReloadAssembly
Native extension for WindowsStandalone target not found
Refreshing native plugins compatible for Editor in 0.28 ms, found 0 plugins.
Preloading 0 native plugins for Editor in 0.00 ms.
Mono: successfully reloaded assembly
- Completed reload, in  0.745 seconds
Platform modules already initialized, skipping
Refreshing native plugins compatible for Editor in 0.28 ms, found 0 plugins.
Preloading 0 native plugins for Editor in 0.00 ms.
Unloading 1501 Unused Serialized files (Serialized files now loaded: 0)
System memory in use before: 151.5 MB.
System memory in use after: 151.7 MB.

Unloading 62 unused Assets to reduce memory usage. Loaded Objects now: 2118.
Total: 2.149100 ms (FindLiveObjects: 0.160500 ms CreateObjectMapping: 0.037100 ms MarkObjects: 1.874800 ms  DeleteObjects: 0.075800 ms)

========================================================================
Received Prepare
Registering precompiled user dll's ...
Registered in 0.000817 seconds.
Begin MonoManager ReloadAssembly
Native extension for WindowsStandalone target not found
Refreshing native plugins compatible for Editor in 0.27 ms, found 0 plugins.
Preloading 0 native plugins for Editor in 0.00 ms.
Mono: successfully reloaded assembly
- Completed reload, in  0.851 seconds
Platform modules already initialized, skipping
Refreshing native plugins compatible for Editor in 0.40 ms, found 0 plugins.
Preloading 0 native plugins for Editor in 0.00 ms.
Unloading 1501 Unused Serialized files (Serialized files now loaded: 0)
System memory in use before: 151.6 MB.
System memory in use after: 151.7 MB.

Unloading 62 unused Assets to reduce memory usage. Loaded Objects now: 2121.
Total: 2.539000 ms (FindLiveObjects: 0.194000 ms CreateObjectMapping: 0.043000 ms MarkObjects: 2.234300 ms  DeleteObjects: 0.066400 ms)

========================================================================
Received Prepare
Registering precompiled user dll's ...
Registered in 0.000638 seconds.
Begin MonoManager ReloadAssembly
Native extension for WindowsStandalone target not found
Refreshing native plugins compatible for Editor in 0.27 ms, found 0 plugins.
Preloading 0 native plugins for Editor in 0.00 ms.
Mono: successfully reloaded assembly
- Completed reload, in  0.729 seconds
Platform modules already initialized, skipping
Refreshing native plugins compatible for Editor in 0.27 ms, found 0 plugins.
Preloading 0 native plugins for Editor in 0.00 ms.
Unloading 1501 Unused Serialized files (Serialized files now loaded: 0)
System memory in use before: 151.6 MB.
System memory in use after: 151.7 MB.

Unloading 62 unused Assets to reduce memory usage. Loaded Objects now: 2124.
Total: 2.197600 ms (FindLiveObjects: 0.201000 ms CreateObjectMapping: 0.053500 ms MarkObjects: 1.867800 ms  DeleteObjects: 0.074100 ms)

========================================================================
Received Import Request.
  Time since last request: 1039.446828 seconds.
  path: Assets/Scripts/Player/MovementController.cs
  artifactKey: Guid(44626debc3157944788058ae62a660be) Importer(815301076,1909f56bfc062723c751e8b465ee728b)
Start importing Assets/Scripts/Player/MovementController.cs using Guid(44626debc3157944788058ae62a660be) Importer(815301076,1909f56bfc062723c751e8b465ee728b)  -> (artifact id: '3e6e4325c721e02222ff05c8463abf74') in 0.015352 seconds 
========================================================================
Received Import Request.
  Time since last request: 13.670106 seconds.
  path: Assets/Scripts/Player/ViewController.cs
  artifactKey: Guid(7a79095c4be3282449cd5c4a5d2a0def) Importer(815301076,1909f56bfc062723c751e8b465ee728b)
Start importing Assets/Scripts/Player/ViewController.cs using Guid(7a79095c4be3282449cd5c4a5d2a0def) Importer(815301076,1909f56bfc062723c751e8b465ee728b)  -> (artifact id: 'c8e0f9367027b264b6a203de555ac810') in 0.007849 seconds 
========================================================================
Received Prepare
Registering precompiled user dll's ...
Registered in 0.000651 seconds.
Begin MonoManager ReloadAssembly
Native extension for WindowsStandalone target not found
Refreshing native plugins compatible for Editor in 0.28 ms, found 0 plugins.
Preloading 0 native plugins for Editor in 0.00 ms.
Mono: successfully reloaded assembly
- Completed reload, in  0.759 seconds
Platform modules already initialized, skipping
Refreshing native plugins compatible for Editor in 0.29 ms, found 0 plugins.
Preloading 0 native plugins for Editor in 0.00 ms.
Unloading 1501 Unused Serialized files (Serialized files now loaded: 0)
System memory in use before: 151.6 MB.
System memory in use after: 151.7 MB.

Unloading 62 unused Assets to reduce memory usage. Loaded Objects now: 2127.
Total: 2.172400 ms (FindLiveObjects: 0.179700 ms CreateObjectMapping: 0.049500 ms MarkObjects: 1.869200 ms  DeleteObjects: 0.073200 ms)

========================================================================
Received Import Request.
  Time since last request: 16.041702 seconds.
  path: Assets/Scripts/Player/ViewController.cs
  artifactKey: Guid(7a79095c4be3282449cd5c4a5d2a0def) Importer(815301076,1909f56bfc062723c751e8b465ee728b)
Start importing Assets/Scripts/Player/ViewController.cs using Guid(7a79095c4be3282449cd5c4a5d2a0def) Importer(815301076,1909f56bfc062723c751e8b465ee728b)  -> (artifact id: '8c02e3045544527b3dc4c58c27e56e0f') in 0.004437 seconds 
========================================================================
Received Prepare
Registering precompiled user dll's ...
Registered in 0.000600 seconds.
Begin MonoManager ReloadAssembly
Native extension for WindowsStandalone target not found
Refreshing native plugins compatible for Editor in 0.29 ms, found 0 plugins.
Preloading 0 native plugins for Editor in 0.00 ms.
Mono: successfully reloaded assembly
- Completed reload, in  0.769 seconds
Platform modules already initialized, skipping
Refreshing native plugins compatible for Editor in 0.29 ms, found 0 plugins.
Preloading 0 native plugins for Editor in 0.00 ms.
Unloading 1501 Unused Serialized files (Serialized files now loaded: 0)
System memory in use before: 151.6 MB.
System memory in use after: 151.7 MB.

Unloading 62 unused Assets to reduce memory usage. Loaded Objects now: 2130.
Total: 2.156900 ms (FindLiveObjects: 0.196600 ms CreateObjectMapping: 0.056600 ms MarkObjects: 1.836100 ms  DeleteObjects: 0.066600 ms)

========================================================================
Received Prepare
Registering precompiled user dll's ...
Registered in 0.000614 seconds.
Begin MonoManager ReloadAssembly
Native extension for WindowsStandalone target not found
Refreshing native plugins compatible for Editor in 0.28 ms, found 0 plugins.
Preloading 0 native plugins for Editor in 0.00 ms.
Mono: successfully reloaded assembly
- Completed reload, in  0.730 seconds
Platform modules already initialized, skipping
Refreshing native plugins compatible for Editor in 0.29 ms, found 0 plugins.
Preloading 0 native plugins for Editor in 0.00 ms.
Unloading 1501 Unused Serialized files (Serialized files now loaded: 0)
System memory in use before: 151.6 MB.
System memory in use after: 151.7 MB.

Unloading 62 unused Assets to reduce memory usage. Loaded Objects now: 2133.
Total: 2.217800 ms (FindLiveObjects: 0.372100 ms CreateObjectMapping: 0.035800 ms MarkObjects: 1.740000 ms  DeleteObjects: 0.068900 ms)

========================================================================
Received Prepare
Registering precompiled user dll's ...
Registered in 0.000590 seconds.
Begin MonoManager ReloadAssembly
Native extension for WindowsStandalone target not found
Refreshing native plugins compatible for Editor in 0.28 ms, found 0 plugins.
Preloading 0 native plugins for Editor in 0.00 ms.
Mono: successfully reloaded assembly
- Completed reload, in  0.747 seconds
Platform modules already initialized, skipping
Refreshing native plugins compatible for Editor in 0.28 ms, found 0 plugins.
Preloading 0 native plugins for Editor in 0.00 ms.
Unloading 1501 Unused Serialized files (Serialized files now loaded: 0)
System memory in use before: 151.6 MB.
System memory in use after: 151.7 MB.

Unloading 62 unused Assets to reduce memory usage. Loaded Objects now: 2136.
Total: 2.088500 ms (FindLiveObjects: 0.164500 ms CreateObjectMapping: 0.035800 ms MarkObjects: 1.810900 ms  DeleteObjects: 0.076300 ms)

========================================================================
Received Prepare
Registering precompiled user dll's ...
Registered in 0.000868 seconds.
Begin MonoManager ReloadAssembly
Native extension for WindowsStandalone target not found
Refreshing native plugins compatible for Editor in 0.29 ms, found 0 plugins.
Preloading 0 native plugins for Editor in 0.00 ms.
Mono: successfully reloaded assembly
- Completed reload, in  0.749 seconds
Platform modules already initialized, skipping
Refreshing native plugins compatible for Editor in 0.28 ms, found 0 plugins.
Preloading 0 native plugins for Editor in 0.00 ms.
Unloading 1501 Unused Serialized files (Serialized files now loaded: 0)
System memory in use before: 151.6 MB.
System memory in use after: 151.7 MB.

Unloading 62 unused Assets to reduce memory usage. Loaded Objects now: 2139.
Total: 2.116200 ms (FindLiveObjects: 0.164300 ms CreateObjectMapping: 0.042800 ms MarkObjects: 1.830700 ms  DeleteObjects: 0.077300 ms)

========================================================================
Received Import Request.
  Time since last request: 549.362444 seconds.
  path: Assets/Scripts/Player/ViewController.cs
  artifactKey: Guid(7a79095c4be3282449cd5c4a5d2a0def) Importer(815301076,1909f56bfc062723c751e8b465ee728b)
Start importing Assets/Scripts/Player/ViewController.cs using Guid(7a79095c4be3282449cd5c4a5d2a0def) Importer(815301076,1909f56bfc062723c751e8b465ee728b)  -> (artifact id: '1634edf9db95c1a365a49228fd0836c4') in 0.004455 seconds 
========================================================================
Received Prepare
Registering precompiled user dll's ...
Registered in 0.000656 seconds.
Begin MonoManager ReloadAssembly
Native extension for WindowsStandalone target not found
Refreshing native plugins compatible for Editor in 0.29 ms, found 0 plugins.
Preloading 0 native plugins for Editor in 0.00 ms.
Mono: successfully reloaded assembly
- Completed reload, in  0.842 seconds
Platform modules already initialized, skipping
Refreshing native plugins compatible for Editor in 0.28 ms, found 0 plugins.
Preloading 0 native plugins for Editor in 0.00 ms.
Unloading 1501 Unused Serialized files (Serialized files now loaded: 0)
System memory in use before: 151.6 MB.
System memory in use after: 151.7 MB.

Unloading 62 unused Assets to reduce memory usage. Loaded Objects now: 2142.
Total: 2.273900 ms (FindLiveObjects: 0.202000 ms CreateObjectMapping: 0.037100 ms MarkObjects: 1.955300 ms  DeleteObjects: 0.078800 ms)

========================================================================
Received Prepare
Registering precompiled user dll's ...
Registered in 0.000649 seconds.
Begin MonoManager ReloadAssembly
Native extension for WindowsStandalone target not found
Refreshing native plugins compatible for Editor in 0.29 ms, found 0 plugins.
Preloading 0 native plugins for Editor in 0.00 ms.
Mono: successfully reloaded assembly
- Completed reload, in  0.741 seconds
Platform modules already initialized, skipping
Refreshing native plugins compatible for Editor in 0.27 ms, found 0 plugins.
Preloading 0 native plugins for Editor in 0.00 ms.
Unloading 1501 Unused Serialized files (Serialized files now loaded: 0)
System memory in use before: 151.6 MB.
System memory in use after: 151.7 MB.

Unloading 62 unused Assets to reduce memory usage. Loaded Objects now: 2145.
Total: 2.127000 ms (FindLiveObjects: 0.146300 ms CreateObjectMapping: 0.043000 ms MarkObjects: 1.866900 ms  DeleteObjects: 0.070200 ms)

========================================================================
Received Prepare
Registering precompiled user dll's ...
Registered in 0.000677 seconds.
Begin MonoManager ReloadAssembly
Native extension for WindowsStandalone target not found
Refreshing native plugins compatible for Editor in 0.29 ms, found 0 plugins.
Preloading 0 native plugins for Editor in 0.00 ms.
Mono: successfully reloaded assembly
- Completed reload, in  0.740 seconds
Platform modules already initialized, skipping
Refreshing native plugins compatible for Editor in 0.29 ms, found 0 plugins.
Preloading 0 native plugins for Editor in 0.00 ms.
Unloading 1501 Unused Serialized files (Serialized files now loaded: 0)
System memory in use before: 151.6 MB.
System memory in use after: 151.7 MB.

Unloading 62 unused Assets to reduce memory usage. Loaded Objects now: 2148.
Total: 2.141800 ms (FindLiveObjects: 0.159300 ms CreateObjectMapping: 0.042400 ms MarkObjects: 1.870000 ms  DeleteObjects: 0.069200 ms)

========================================================================
Received Prepare
Registering precompiled user dll's ...
Registered in 0.000646 seconds.
Begin MonoManager ReloadAssembly
Native extension for WindowsStandalone target not found
Refreshing native plugins compatible for Editor in 0.30 ms, found 0 plugins.
Preloading 0 native plugins for Editor in 0.00 ms.
Mono: successfully reloaded assembly
- Completed reload, in  0.764 seconds
Platform modules already initialized, skipping
Refreshing native plugins compatible for Editor in 0.33 ms, found 0 plugins.
Preloading 0 native plugins for Editor in 0.00 ms.
Unloading 1501 Unused Serialized files (Serialized files now loaded: 0)
System memory in use before: 151.6 MB.
System memory in use after: 151.7 MB.

Unloading 62 unused Assets to reduce memory usage. Loaded Objects now: 2151.
Total: 2.245500 ms (FindLiveObjects: 0.215900 ms CreateObjectMapping: 0.039000 ms MarkObjects: 1.922200 ms  DeleteObjects: 0.067200 ms)

========================================================================
Received Prepare
Registering precompiled user dll's ...
Registered in 0.000662 seconds.
Begin MonoManager ReloadAssembly
Native extension for WindowsStandalone target not found
Refreshing native plugins compatible for Editor in 0.28 ms, found 0 plugins.
Preloading 0 native plugins for Editor in 0.00 ms.
Mono: successfully reloaded assembly
- Completed reload, in  0.749 seconds
Platform modules already initialized, skipping
Refreshing native plugins compatible for Editor in 0.27 ms, found 0 plugins.
Preloading 0 native plugins for Editor in 0.00 ms.
Unloading 1501 Unused Serialized files (Serialized files now loaded: 0)
System memory in use before: 151.6 MB.
System memory in use after: 151.8 MB.

Unloading 62 unused Assets to reduce memory usage. Loaded Objects now: 2154.
Total: 2.140800 ms (FindLiveObjects: 0.177700 ms CreateObjectMapping: 0.036500 ms MarkObjects: 1.846900 ms  DeleteObjects: 0.078500 ms)

========================================================================
Received Prepare
Registering precompiled user dll's ...
Registered in 0.000700 seconds.
Begin MonoManager ReloadAssembly
Native extension for WindowsStandalone target not found
Refreshing native plugins compatible for Editor in 0.30 ms, found 0 plugins.
Preloading 0 native plugins for Editor in 0.00 ms.
Mono: successfully reloaded assembly
- Completed reload, in  0.765 seconds
Platform modules already initialized, skipping
Refreshing native plugins compatible for Editor in 0.28 ms, found 0 plugins.
Preloading 0 native plugins for Editor in 0.00 ms.
Unloading 1501 Unused Serialized files (Serialized files now loaded: 0)
System memory in use before: 151.6 MB.
System memory in use after: 151.8 MB.

Unloading 62 unused Assets to reduce memory usage. Loaded Objects now: 2157.
Total: 2.283100 ms (FindLiveObjects: 0.226000 ms CreateObjectMapping: 0.052200 ms MarkObjects: 1.925200 ms  DeleteObjects: 0.078600 ms)

========================================================================
Received Prepare
Registering precompiled user dll's ...
Registered in 0.000651 seconds.
Begin MonoManager ReloadAssembly
Native extension for WindowsStandalone target not found
Refreshing native plugins compatible for Editor in 0.30 ms, found 0 plugins.
Preloading 0 native plugins for Editor in 0.00 ms.
Mono: successfully reloaded assembly
- Completed reload, in  0.757 seconds
Platform modules already initialized, skipping
Refreshing native plugins compatible for Editor in 0.29 ms, found 0 plugins.
Preloading 0 native plugins for Editor in 0.00 ms.
Unloading 1501 Unused Serialized files (Serialized files now loaded: 0)
System memory in use before: 151.7 MB.
System memory in use after: 151.8 MB.

Unloading 62 unused Assets to reduce memory usage. Loaded Objects now: 2160.
Total: 2.117300 ms (FindLiveObjects: 0.202400 ms CreateObjectMapping: 0.051000 ms MarkObjects: 1.792500 ms  DeleteObjects: 0.070400 ms)

========================================================================
Received Prepare
Registering precompiled user dll's ...
Registered in 0.000571 seconds.
Begin MonoManager ReloadAssembly
Native extension for WindowsStandalone target not found
Refreshing native plugins compatible for Editor in 0.28 ms, found 0 plugins.
Preloading 0 native plugins for Editor in 0.00 ms.
Mono: successfully reloaded assembly
- Completed reload, in  0.736 seconds
Platform modules already initialized, skipping
Refreshing native plugins compatible for Editor in 0.27 ms, found 0 plugins.
Preloading 0 native plugins for Editor in 0.00 ms.
Unloading 1501 Unused Serialized files (Serialized files now loaded: 0)
System memory in use before: 151.7 MB.
System memory in use after: 151.8 MB.

Unloading 62 unused Assets to reduce memory usage. Loaded Objects now: 2163.
Total: 2.122400 ms (FindLiveObjects: 0.172700 ms CreateObjectMapping: 0.035200 ms MarkObjects: 1.836100 ms  DeleteObjects: 0.077600 ms)

========================================================================
Received Prepare
Refreshing native plugins compatible for Editor in 0.77 ms, found 0 plugins.
Preloading 0 native plugins for Editor in 0.00 ms.
Unloading 2 Unused Serialized files (Serialized files now loaded: 0)
System memory in use before: 121.2 MB.
System memory in use after: 121.3 MB.

Unloading 2 unused Assets to reduce memory usage. Loaded Objects now: 2163.
Total: 2.820800 ms (FindLiveObjects: 0.272600 ms CreateObjectMapping: 0.052000 ms MarkObjects: 2.478300 ms  DeleteObjects: 0.016900 ms)

========================================================================
Received Prepare
Registering precompiled user dll's ...
Registered in 0.000781 seconds.
Begin MonoManager ReloadAssembly
Native extension for WindowsStandalone target not found
Refreshing native plugins compatible for Editor in 0.30 ms, found 0 plugins.
Preloading 0 native plugins for Editor in 0.00 ms.
Mono: successfully reloaded assembly
- Completed reload, in  0.755 seconds
Platform modules already initialized, skipping
Refreshing native plugins compatible for Editor in 0.28 ms, found 0 plugins.
Preloading 0 native plugins for Editor in 0.00 ms.
Unloading 1501 Unused Serialized files (Serialized files now loaded: 0)
System memory in use before: 151.7 MB.
System memory in use after: 151.8 MB.

Unloading 62 unused Assets to reduce memory usage. Loaded Objects now: 2166.
Total: 2.287500 ms (FindLiveObjects: 0.196800 ms CreateObjectMapping: 0.045000 ms MarkObjects: 1.966800 ms  DeleteObjects: 0.077600 ms)

========================================================================
Received Import Request.
  Time since last request: 1388.492145 seconds.
  path: Assets/Images/Untitled.png
  artifactKey: Guid(c9cbebf4e8ff7ea469dc9ae5d9cb0263) Importer(815301076,1909f56bfc062723c751e8b465ee728b)
Start importing Assets/Images/Untitled.png using Guid(c9cbebf4e8ff7ea469dc9ae5d9cb0263) Importer(815301076,1909f56bfc062723c751e8b465ee728b)  -> (artifact id: 'db90f391e8a917bf14d67a35c9be9c70') in 0.072155 seconds 
========================================================================
Received Import Request.
  Time since last request: 17.416703 seconds.
  path: Assets/Scenes/GameScene.unity
  artifactKey: Guid(9fc0d4010bbf28b4594072e72b8655ab) Importer(815301076,1909f56bfc062723c751e8b465ee728b)
Start importing Assets/Scenes/GameScene.unity using Guid(9fc0d4010bbf28b4594072e72b8655ab) Importer(815301076,1909f56bfc062723c751e8b465ee728b)  -> (artifact id: 'f48dfebdb67c620bf4322a1406301ae7') in 0.007147 seconds 
========================================================================
Received Prepare
Registering precompiled user dll's ...
Registered in 0.000615 seconds.
Begin MonoManager ReloadAssembly
Native extension for WindowsStandalone target not found
Refreshing native plugins compatible for Editor in 0.28 ms, found 0 plugins.
Preloading 0 native plugins for Editor in 0.00 ms.
Mono: successfully reloaded assembly
- Completed reload, in  0.764 seconds
Platform modules already initialized, skipping
Refreshing native plugins compatible for Editor in 0.34 ms, found 0 plugins.
Preloading 0 native plugins for Editor in 0.00 ms.
Unloading 1502 Unused Serialized files (Serialized files now loaded: 0)
System memory in use before: 153.4 MB.
System memory in use after: 153.6 MB.

Unloading 62 unused Assets to reduce memory usage. Loaded Objects now: 2186.
Total: 2.232000 ms (FindLiveObjects: 0.184000 ms CreateObjectMapping: 0.037600 ms MarkObjects: 1.929000 ms  DeleteObjects: 0.080300 ms)

========================================================================
Received Prepare
Registering precompiled user dll's ...
Registered in 0.000712 seconds.
Begin MonoManager ReloadAssembly
Native extension for WindowsStandalone target not found
Refreshing native plugins compatible for Editor in 0.31 ms, found 0 plugins.
Preloading 0 native plugins for Editor in 0.00 ms.
Mono: successfully reloaded assembly
- Completed reload, in  0.750 seconds
Platform modules already initialized, skipping
Refreshing native plugins compatible for Editor in 0.27 ms, found 0 plugins.
Preloading 0 native plugins for Editor in 0.00 ms.
Unloading 1501 Unused Serialized files (Serialized files now loaded: 0)
System memory in use before: 153.4 MB.
System memory in use after: 153.5 MB.

Unloading 62 unused Assets to reduce memory usage. Loaded Objects now: 2189.
Total: 1.987400 ms (FindLiveObjects: 0.175200 ms CreateObjectMapping: 0.036200 ms MarkObjects: 1.707900 ms  DeleteObjects: 0.067000 ms)

AssetImportWorkerClient::OnTransportError - code=2 error=End of file
